d:\projecteletris\2. platforms\0. windows desktop\debug\vc142.pdb
d:\projecteletris\2. platforms\0. windows desktop\debug\vc142.idb
d:\projecteletris\2. platforms\0. windows desktop\debug\tilerenderer.obj
d:\projecteletris\2. platforms\0. windows desktop\debug\tile.obj
d:\projecteletris\2. platforms\0. windows desktop\debug\radiobutton.obj
d:\projecteletris\2. platforms\0. windows desktop\debug\letrisgame.obj
d:\projecteletris\2. platforms\0. windows desktop\debug\tauler.obj
d:\projecteletris\2. platforms\0. windows desktop\debug\paraulacandidata.obj
d:\projecteletris\2. platforms\0. windows desktop\debug\dictionary.obj
d:\projecteletris\2. platforms\0. windows desktop\debug\button.obj
d:\projecteletris\2. platforms\0. windows desktop\debug\main.obj
d:\projecteletris\2. platforms\0. windows desktop\debug\joc.obj
d:\projecteletris\2. platforms\0. windows desktop\debug\video.obj
d:\projecteletris\2. platforms\0. windows desktop\debug\stb_vorbis.obj
d:\projecteletris\2. platforms\0. windows desktop\debug\sprites.obj
d:\projecteletris\2. platforms\0. windows desktop\debug\sound.obj
d:\projecteletris\2. platforms\0. windows desktop\debug\nfont.obj
d:\projecteletris\2. platforms\0. windows desktop\debug\mouse.obj
d:\projecteletris\2. platforms\0. windows desktop\debug\keyboard.obj
d:\projecteletris\2. platforms\0. windows desktop\debug\image_png.obj
d:\projecteletris\2. platforms\0. windows desktop\debug\debug.obj
d:\projecteletris\2. platforms\0. windows desktop\debug\sdl_fontcache.obj
d:\projecteletris\2. platforms\0. windows desktop\program\letrisgame.exe
d:\projecteletris\2. platforms\0. windows desktop\program\letrisgame.ilk
d:\projecteletris\2. platforms\0. windows desktop\program\letrisgame.pdb
d:\projecteletris\2. platforms\0. windows desktop\\program\letrisgame.pdb
d:\projecteletris\2. platforms\0. windows desktop\\program\letrisgame.exe
d:\projecteletris\2. platforms\0. windows desktop\\program\letrisgame.ilk
d:\projecteletris\2. platforms\0. windows desktop\debug\letrisgame.tlog\cl.command.1.tlog
d:\projecteletris\2. platforms\0. windows desktop\debug\letrisgame.tlog\cl.read.1.tlog
d:\projecteletris\2. platforms\0. windows desktop\debug\letrisgame.tlog\cl.write.1.tlog
d:\projecteletris\2. platforms\0. windows desktop\debug\letrisgame.tlog\link.command.1.tlog
d:\projecteletris\2. platforms\0. windows desktop\debug\letrisgame.tlog\link.read.1.tlog
d:\projecteletris\2. platforms\0. windows desktop\debug\letrisgame.tlog\link.write.1.tlog
